TN:
SF:src/CryptoBank.sol
DA:28,775
FN:28,CryptoBank.OnlyOwnerAndAdmin
FNDA:775,CryptoBank.OnlyOwnerAndAdmin
DA:29,775
BRDA:29,0,0,258
BRDA:29,0,1,517
DA:33,6
FN:33,CryptoBank.constructor
FNDA:6,CryptoBank.constructor
DA:34,6
DA:41,2
FN:41,CryptoBank.depositEther
FNDA:2,CryptoBank.depositEther
DA:42,2
DA:44,2
DA:48,2
FN:48,CryptoBank.withdrawEther
FNDA:2,CryptoBank.withdrawEther
DA:49,2
BRDA:49,1,0,1
BRDA:49,1,1,1
DA:52,1
DA:55,1
DA:56,1
BRDA:56,2,0,-
BRDA:56,2,1,1
DA:59,775
FN:59,CryptoBank.balanceOf
FNDA:775,CryptoBank.balanceOf
DA:60,517
FNF:5
FNH:5
LF:14
LH:14
BRF:6
BRH:5
end_of_record
TN:
SF:src/FakeCryptoBank.sol
DA:27,0
FN:27,FakeCryptoBank.onlyOwner
FNDA:0,FakeCryptoBank.onlyOwner
DA:28,0
BRDA:28,0,0,-
BRDA:28,0,1,-
DA:33,0
FN:33,FakeCryptoBank.constructor
FNDA:0,FakeCryptoBank.constructor
DA:34,0
DA:35,0
DA:41,0
FN:41,FakeCryptoBank.deposit
FNDA:0,FakeCryptoBank.deposit
DA:42,0
BRDA:42,1,0,-
BRDA:42,1,1,-
DA:43,0
BRDA:43,2,0,-
BRDA:43,2,1,-
DA:46,0
DA:49,0
DA:53,0
FN:53,FakeCryptoBank.withdraw
FNDA:0,FakeCryptoBank.withdraw
DA:54,0
BRDA:54,3,0,-
BRDA:54,3,1,-
DA:55,0
BRDA:55,4,0,-
BRDA:55,4,1,-
DA:58,0
DA:61,0
DA:62,0
BRDA:62,5,0,-
BRDA:62,5,1,-
DA:65,0
DA:69,0
FN:69,FakeCryptoBank.newMaxBalance
FNDA:0,FakeCryptoBank.newMaxBalance
DA:70,0
FNF:5
FNH:0
LF:19
LH:0
BRF:12
BRH:0
end_of_record
